<?xml version="1.0" encoding="UTF-8"?>
<testng-results ignored="0" total="1" passed="1" failed="0" skipped="0">
  <reporter-output>
  </reporter-output>
  <suite started-at="2024-08-16T08:03:25 IST" name="Default suite" finished-at="2024-08-16T08:03:26 IST" duration-ms="983">
    <groups>
    </groups>
    <test started-at="2024-08-16T08:03:25 IST" name="Default test" finished-at="2024-08-16T08:03:26 IST" duration-ms="983">
      <class name="modernization.web.AppTest">
        <test-method signature="shouldAnswerWithTrue()[pri:0, instance:modernization.web.AppTest@48f2bd5b]" started-at="2024-08-16T08:03:26 IST" name="shouldAnswerWithTrue" finished-at="2024-08-16T08:03:26 IST" duration-ms="930" status="PASS">
          <reporter-output>
          </reporter-output>
        </test-method> <!-- shouldAnswerWithTrue -->
      </class> <!-- modernization.web.AppTest -->
    </test> <!-- Default test -->
  </suite> <!-- Default suite -->
</testng-results>
